Start
CompUnitAST::const_eval() start
DeclAST::const_eval() start
ConstDeclAST::const_eval() start
NumExpAST::const_eval() start
dim is 4
const_def->ident: b0
const_def->dim: 4
dim_sizes 4
array_flatten
array_flatten of ConstInitValAST
array_flatten in ConstInitValAST of ExpAST
full_size = 4
recusive array_flatten
array_flatten
array_flatten of ConstInitValAST
array_flatten in ConstInitValAST of ExpAST
recusive array_flatten
array_flatten
array_flatten of ConstInitValAST
array_flatten in ConstInitValAST of ExpAST
values.size() in ConstInitValList = 2
full_size in ConstInitValList = 4
fxxk in ConstInitValList
fxxk in ConstInitValList
array_flatten done
array_format done
ConstInitValAST::const_eval() start
ConstInitValListAST::const_eval() start
ConstInitValAST::const_eval() start
NumExpAST::const_eval() start
ConstInitValAST::const_eval() start
NumExpAST::const_eval() start
ConstInitValAST::const_eval() start
NumExpAST::const_eval() start
ConstInitValAST::const_eval() start
NumExpAST::const_eval() start
DeclAST::const_eval() start
ConstDeclAST::const_eval() start
NumExpAST::const_eval() start
dim is 7
const_def->ident: c0
const_def->dim: 7
dim_sizes 7
array_flatten
array_flatten of ConstInitValAST
array_flatten in ConstInitValAST of ExpAST
full_size = 7
recusive array_flatten
array_flatten
array_flatten of ConstInitValAST
array_flatten in ConstInitValAST of ExpAST
recusive array_flatten
array_flatten
array_flatten of ConstInitValAST
array_flatten in ConstInitValAST of ExpAST
recusive array_flatten
array_flatten
array_flatten of ConstInitValAST
array_flatten in ConstInitValAST of ExpAST
recusive array_flatten
array_flatten
array_flatten of ConstInitValAST
array_flatten in ConstInitValAST of ExpAST
recusive array_flatten
array_flatten
array_flatten of ConstInitValAST
array_flatten in ConstInitValAST of ExpAST
recusive array_flatten
array_flatten
array_flatten of ConstInitValAST
array_flatten in ConstInitValAST of ExpAST
recusive array_flatten
array_flatten
array_flatten of ConstInitValAST
array_flatten in ConstInitValAST of ExpAST
values.size() in ConstInitValList = 7
full_size in ConstInitValList = 7
array_flatten done
array_format done
ConstInitValAST::const_eval() start
ConstInitValListAST::const_eval() start
ConstInitValAST::const_eval() start
NumExpAST::const_eval() start
ConstInitValAST::const_eval() start
NumExpAST::const_eval() start
ConstInitValAST::const_eval() start
NumExpAST::const_eval() start
ConstInitValAST::const_eval() start
NumExpAST::const_eval() start
ConstInitValAST::const_eval() start
NumExpAST::const_eval() start
ConstInitValAST::const_eval() start
NumExpAST::const_eval() start
ConstInitValAST::const_eval() start
NumExpAST::const_eval() start
DeclAST::const_eval() start
ConstDeclAST::const_eval() start
NumExpAST::const_eval() start
dim is 2
const_def->ident: e0
const_def->dim: 2
dim_sizes 2
array_flatten
array_flatten of ConstInitValAST
array_flatten in ConstInitValAST of ExpAST
full_size = 2
recusive array_flatten
array_flatten
array_flatten of ConstInitValAST
array_flatten in ConstInitValAST of ExpAST
recusive array_flatten
array_flatten
array_flatten of ConstInitValAST
array_flatten in ConstInitValAST of ExpAST
values.size() in ConstInitValList = 2
full_size in ConstInitValList = 2
array_flatten done
array_format done
ConstInitValAST::const_eval() start
ConstInitValListAST::const_eval() start
ConstInitValAST::const_eval() start
NumExpAST::const_eval() start
ConstInitValAST::const_eval() start
NumExpAST::const_eval() start
NumExpAST::const_eval() start
dim is 9
const_def->ident: g0
const_def->dim: 9
dim_sizes 9
array_flatten
array_flatten of ConstInitValAST
array_flatten in ConstInitValAST of ExpAST
full_size = 9
recusive array_flatten
array_flatten
array_flatten of ConstInitValAST
array_flatten in ConstInitValAST of ExpAST
recusive array_flatten
array_flatten
array_flatten of ConstInitValAST
array_flatten in ConstInitValAST of ExpAST
recusive array_flatten
array_flatten
array_flatten of ConstInitValAST
array_flatten in ConstInitValAST of ExpAST
recusive array_flatten
array_flatten
array_flatten of ConstInitValAST
array_flatten in ConstInitValAST of ExpAST
values.size() in ConstInitValList = 4
full_size in ConstInitValList = 9
fxxk in ConstInitValList
fxxk in ConstInitValList
fxxk in ConstInitValList
fxxk in ConstInitValList
fxxk in ConstInitValList
array_flatten done
array_format done
ConstInitValAST::const_eval() start
ConstInitValListAST::const_eval() start
ConstInitValAST::const_eval() start
NumExpAST::const_eval() start
ConstInitValAST::const_eval() start
NumExpAST::const_eval() start
ConstInitValAST::const_eval() start
NumExpAST::const_eval() start
ConstInitValAST::const_eval() start
NumExpAST::const_eval() start
ConstInitValAST::const_eval() start
NumExpAST::const_eval() start
ConstInitValAST::const_eval() start
NumExpAST::const_eval() start
ConstInitValAST::const_eval() start
NumExpAST::const_eval() start
ConstInitValAST::const_eval() start
NumExpAST::const_eval() start
ConstInitValAST::const_eval() start
NumExpAST::const_eval() start
DeclAST::const_eval() start
ConstDeclAST::const_eval() start
const_def->ident: scj82c9s0j
array_flatten
array_flatten of ConstInitValAST
array_flatten in ConstInitValAST of ExpAST
array_flatten done
array_format done
ConstInitValAST::const_eval() start
NumExpAST::const_eval() start
DeclAST::const_eval() start
ConstDeclAST::const_eval() start
NumExpAST::const_eval() start
dim is 5
NumExpAST::const_eval() start
dim is 3
const_def->ident: c
const_def->dim: 5
const_def->dim: 3
dim_sizes 5
dim_sizes 3
array_flatten
array_flatten of ConstInitValAST
array_flatten in ConstInitValAST of ExpAST
full_size = 15
recusive array_flatten
array_flatten
array_flatten of ConstInitValAST
array_flatten in ConstInitValAST of ExpAST
recusive array_flatten
array_flatten
array_flatten of ConstInitValAST
array_flatten in ConstInitValAST of ExpAST
recusive array_flatten
array_flatten
array_flatten of ConstInitValAST
array_flatten in ConstInitValAST of ExpAST
recusive array_flatten
array_flatten
array_flatten of ConstInitValAST
array_flatten in ConstInitValAST of ExpAST
recusive array_flatten
array_flatten
array_flatten of ConstInitValAST
array_flatten in ConstInitValAST of ExpAST
recusive array_flatten
array_flatten
array_flatten of ConstInitValAST
array_flatten in ConstInitValAST of ExpAST
recusive array_flatten
array_flatten
array_flatten of ConstInitValAST
array_flatten in ConstInitValAST of ExpAST
recusive array_flatten
array_flatten
array_flatten of ConstInitValAST
array_flatten in ConstInitValAST of ExpAST
recusive array_flatten
array_flatten
array_flatten of ConstInitValAST
array_flatten in ConstInitValAST of ExpAST
recusive array_flatten
array_flatten
array_flatten of ConstInitValAST
array_flatten in ConstInitValAST of ExpAST
recusive array_flatten
array_flatten
array_flatten of ConstInitValAST
array_flatten in ConstInitValAST of ExpAST
recusive array_flatten
array_flatten
array_flatten of ConstInitValAST
array_flatten in ConstInitValAST of ExpAST
recusive array_flatten
array_flatten
array_flatten of ConstInitValAST
array_flatten in ConstInitValAST of ExpAST
recusive array_flatten
array_flatten
array_flatten of ConstInitValAST
array_flatten in ConstInitValAST of ExpAST
recusive array_flatten
array_flatten
array_flatten of ConstInitValAST
array_flatten in ConstInitValAST of ExpAST
values.size() in ConstInitValList = 15
full_size in ConstInitValList = 15
array_flatten done
array_format done
ConstInitValAST::const_eval() start
ConstInitValListAST::const_eval() start
ConstInitValAST::const_eval() start
NumExpAST::const_eval() start
ConstInitValAST::const_eval() start
NumExpAST::const_eval() start
ConstInitValAST::const_eval() start
NumExpAST::const_eval() start
ConstInitValAST::const_eval() start
NumExpAST::const_eval() start
ConstInitValAST::const_eval() start
NumExpAST::const_eval() start
ConstInitValAST::const_eval() start
NumExpAST::const_eval() start
ConstInitValAST::const_eval() start
NumExpAST::const_eval() start
ConstInitValAST::const_eval() start
NumExpAST::const_eval() start
ConstInitValAST::const_eval() start
NumExpAST::const_eval() start
ConstInitValAST::const_eval() start
NumExpAST::const_eval() start
ConstInitValAST::const_eval() start
NumExpAST::const_eval() start
ConstInitValAST::const_eval() start
NumExpAST::const_eval() start
ConstInitValAST::const_eval() start
NumExpAST::const_eval() start
ConstInitValAST::const_eval() start
NumExpAST::const_eval() start
ConstInitValAST::const_eval() start
NumExpAST::const_eval() start
DeclAST::const_eval() start
ConstDeclAST::const_eval() start
NumExpAST::const_eval() start
dim is 5
NumExpAST::const_eval() start
dim is 3
const_def->ident: d
const_def->dim: 5
const_def->dim: 3
dim_sizes 5
dim_sizes 3
array_flatten
array_flatten of ConstInitValAST
array_flatten in ConstInitValAST of ExpAST
full_size = 15
recusive array_flatten
array_flatten
array_flatten of ConstInitValAST
array_flatten in ConstInitValAST of ExpAST
full_size = 3
recusive array_flatten
array_flatten
array_flatten of ConstInitValAST
array_flatten in ConstInitValAST of ExpAST
recusive array_flatten
array_flatten
array_flatten of ConstInitValAST
array_flatten in ConstInitValAST of ExpAST
recusive array_flatten
array_flatten
array_flatten of ConstInitValAST
array_flatten in ConstInitValAST of ExpAST
values.size() in ConstInitValList = 3
full_size in ConstInitValList = 3
recusive array_flatten
array_flatten
array_flatten of ConstInitValAST
array_flatten in ConstInitValAST of ExpAST
full_size = 3
recusive array_flatten
array_flatten
array_flatten of ConstInitValAST
array_flatten in ConstInitValAST of ExpAST
recusive array_flatten
array_flatten
array_flatten of ConstInitValAST
array_flatten in ConstInitValAST of ExpAST
recusive array_flatten
array_flatten
array_flatten of ConstInitValAST
array_flatten in ConstInitValAST of ExpAST
values.size() in ConstInitValList = 3
full_size in ConstInitValList = 3
recusive array_flatten
array_flatten
array_flatten of ConstInitValAST
array_flatten in ConstInitValAST of ExpAST
full_size = 3
recusive array_flatten
array_flatten
array_flatten of ConstInitValAST
array_flatten in ConstInitValAST of ExpAST
recusive array_flatten
array_flatten
array_flatten of ConstInitValAST
array_flatten in ConstInitValAST of ExpAST
recusive array_flatten
array_flatten
array_flatten of ConstInitValAST
array_flatten in ConstInitValAST of ExpAST
values.size() in ConstInitValList = 3
full_size in ConstInitValList = 3
recusive array_flatten
array_flatten
array_flatten of ConstInitValAST
array_flatten in ConstInitValAST of ExpAST
full_size = 3
recusive array_flatten
array_flatten
array_flatten of ConstInitValAST
array_flatten in ConstInitValAST of ExpAST
recusive array_flatten
array_flatten
array_flatten of ConstInitValAST
array_flatten in ConstInitValAST of ExpAST
recusive array_flatten
array_flatten
array_flatten of ConstInitValAST
array_flatten in ConstInitValAST of ExpAST
values.size() in ConstInitValList = 3
full_size in ConstInitValList = 3
recusive array_flatten
array_flatten
array_flatten of ConstInitValAST
array_flatten in ConstInitValAST of ExpAST
full_size = 3
recusive array_flatten
array_flatten
array_flatten of ConstInitValAST
array_flatten in ConstInitValAST of ExpAST
recusive array_flatten
array_flatten
array_flatten of ConstInitValAST
array_flatten in ConstInitValAST of ExpAST
recusive array_flatten
array_flatten
array_flatten of ConstInitValAST
array_flatten in ConstInitValAST of ExpAST
values.size() in ConstInitValList = 3
full_size in ConstInitValList = 3
values.size() in ConstInitValList = 15
full_size in ConstInitValList = 15
array_flatten done
array_format done
ConstInitValAST::const_eval() start
ConstInitValListAST::const_eval() start
ConstInitValAST::const_eval() start
NumExpAST::const_eval() start
ConstInitValAST::const_eval() start
NumExpAST::const_eval() start
ConstInitValAST::const_eval() start
NumExpAST::const_eval() start
ConstInitValAST::const_eval() start
NumExpAST::const_eval() start
ConstInitValAST::const_eval() start
NumExpAST::const_eval() start
ConstInitValAST::const_eval() start
NumExpAST::const_eval() start
ConstInitValAST::const_eval() start
NumExpAST::const_eval() start
ConstInitValAST::const_eval() start
NumExpAST::const_eval() start
ConstInitValAST::const_eval() start
NumExpAST::const_eval() start
ConstInitValAST::const_eval() start
NumExpAST::const_eval() start
ConstInitValAST::const_eval() start
NumExpAST::const_eval() start
ConstInitValAST::const_eval() start
NumExpAST::const_eval() start
ConstInitValAST::const_eval() start
NumExpAST::const_eval() start
ConstInitValAST::const_eval() start
NumExpAST::const_eval() start
ConstInitValAST::const_eval() start
NumExpAST::const_eval() start
NumExpAST::const_eval() start
dim is 5
NumExpAST::const_eval() start
dim is 3
const_def->ident: e
const_def->dim: 5
const_def->dim: 3
dim_sizes 5
dim_sizes 3
array_flatten
array_flatten of ConstInitValAST
array_flatten in ConstInitValAST of ExpAST
full_size = 15
recusive array_flatten
array_flatten
array_flatten of ConstInitValAST
array_flatten in ConstInitValAST of ExpAST
full_size = 3
recusive array_flatten
array_flatten
array_flatten of ConstInitValAST
array_flatten in ConstInitValAST of ExpAST
recusive array_flatten
array_flatten
array_flatten of ConstInitValAST
array_flatten in ConstInitValAST of ExpAST
recusive array_flatten
array_flatten
array_flatten of ConstInitValAST
array_flatten in ConstInitValAST of ExpAST
values.size() in ConstInitValList = 3
full_size in ConstInitValList = 3
recusive array_flatten
array_flatten
array_flatten of ConstInitValAST
array_flatten in ConstInitValAST of ExpAST
full_size = 3
recusive array_flatten
array_flatten
array_flatten of ConstInitValAST
array_flatten in ConstInitValAST of ExpAST
recusive array_flatten
array_flatten
array_flatten of ConstInitValAST
array_flatten in ConstInitValAST of ExpAST
recusive array_flatten
array_flatten
array_flatten of ConstInitValAST
array_flatten in ConstInitValAST of ExpAST
values.size() in ConstInitValList = 3
full_size in ConstInitValList = 3
recusive array_flatten
array_flatten
array_flatten of ConstInitValAST
array_flatten in ConstInitValAST of ExpAST
full_size = 3
recusive array_flatten
array_flatten
array_flatten of ConstInitValAST
array_flatten in ConstInitValAST of ExpAST
recusive array_flatten
array_flatten
array_flatten of ConstInitValAST
array_flatten in ConstInitValAST of ExpAST
recusive array_flatten
array_flatten
array_flatten of ConstInitValAST
array_flatten in ConstInitValAST of ExpAST
values.size() in ConstInitValList = 3
full_size in ConstInitValList = 3
recusive array_flatten
array_flatten
array_flatten of ConstInitValAST
array_flatten in ConstInitValAST of ExpAST
recusive array_flatten
array_flatten
array_flatten of ConstInitValAST
array_flatten in ConstInitValAST of ExpAST
recusive array_flatten
array_flatten
array_flatten of ConstInitValAST
array_flatten in ConstInitValAST of ExpAST
recusive array_flatten
array_flatten
array_flatten of ConstInitValAST
array_flatten in ConstInitValAST of ExpAST
recusive array_flatten
array_flatten
array_flatten of ConstInitValAST
array_flatten in ConstInitValAST of ExpAST
recusive array_flatten
array_flatten
array_flatten of ConstInitValAST
array_flatten in ConstInitValAST of ExpAST
values.size() in ConstInitValList = 15
full_size in ConstInitValList = 15
array_flatten done
array_format done
ConstInitValAST::const_eval() start
ConstInitValListAST::const_eval() start
ConstInitValAST::const_eval() start
NumExpAST::const_eval() start
ConstInitValAST::const_eval() start
NumExpAST::const_eval() start
ConstInitValAST::const_eval() start
NumExpAST::const_eval() start
ConstInitValAST::const_eval() start
NumExpAST::const_eval() start
ConstInitValAST::const_eval() start
NumExpAST::const_eval() start
ConstInitValAST::const_eval() start
NumExpAST::const_eval() start
ConstInitValAST::const_eval() start
NumExpAST::const_eval() start
ConstInitValAST::const_eval() start
NumExpAST::const_eval() start
ConstInitValAST::const_eval() start
NumExpAST::const_eval() start
ConstInitValAST::const_eval() start
NumExpAST::const_eval() start
ConstInitValAST::const_eval() start
NumExpAST::const_eval() start
ConstInitValAST::const_eval() start
NumExpAST::const_eval() start
ConstInitValAST::const_eval() start
NumExpAST::const_eval() start
ConstInitValAST::const_eval() start
NumExpAST::const_eval() start
ConstInitValAST::const_eval() start
NumExpAST::const_eval() start
DeclAST::const_eval() start
ConstDeclAST::const_eval() start
NumExpAST::const_eval() start
dim is 5
NumExpAST::const_eval() start
dim is 3
const_def->ident: g
const_def->dim: 5
const_def->dim: 3
dim_sizes 5
dim_sizes 3
array_flatten
array_flatten of ConstInitValAST
array_flatten in ConstInitValAST of ExpAST
full_size = 15
recusive array_flatten
array_flatten
array_flatten of ConstInitValAST
array_flatten in ConstInitValAST of ExpAST
recusive array_flatten
array_flatten
array_flatten of ConstInitValAST
array_flatten in ConstInitValAST of ExpAST
recusive array_flatten
array_flatten
array_flatten of ConstInitValAST
array_flatten in ConstInitValAST of ExpAST
recusive array_flatten
array_flatten
array_flatten of ConstInitValAST
array_flatten in ConstInitValAST of ExpAST
full_size = 3
recusive array_flatten
array_flatten
array_flatten of ConstInitValAST
array_flatten in ConstInitValAST of ExpAST
values.size() in ConstInitValList = 1
full_size in ConstInitValList = 3
fxxk in ConstInitValList
fxxk in ConstInitValList
recusive array_flatten
array_flatten
array_flatten of ConstInitValAST
array_flatten in ConstInitValAST of ExpAST
full_size = 3
recusive array_flatten
array_flatten
array_flatten of ConstInitValAST
array_flatten in ConstInitValAST of ExpAST
values.size() in ConstInitValList = 1
full_size in ConstInitValList = 3
fxxk in ConstInitValList
fxxk in ConstInitValList
recusive array_flatten
array_flatten
array_flatten of ConstInitValAST
array_flatten in ConstInitValAST of ExpAST
recusive array_flatten
array_flatten
array_flatten of ConstInitValAST
array_flatten in ConstInitValAST of ExpAST
recusive array_flatten
array_flatten
array_flatten of ConstInitValAST
array_flatten in ConstInitValAST of ExpAST
values.size() in ConstInitValList = 12
full_size in ConstInitValList = 15
fxxk in ConstInitValList
fxxk in ConstInitValList
fxxk in ConstInitValList
array_flatten done
array_format done
ConstInitValAST::const_eval() start
ConstInitValListAST::const_eval() start
ConstInitValAST::const_eval() start
NumExpAST::const_eval() start
ConstInitValAST::const_eval() start
NumExpAST::const_eval() start
ConstInitValAST::const_eval() start
NumExpAST::const_eval() start
ConstInitValAST::const_eval() start
NumExpAST::const_eval() start
ConstInitValAST::const_eval() start
NumExpAST::const_eval() start
ConstInitValAST::const_eval() start
NumExpAST::const_eval() start
ConstInitValAST::const_eval() start
NumExpAST::const_eval() start
ConstInitValAST::const_eval() start
NumExpAST::const_eval() start
ConstInitValAST::const_eval() start
NumExpAST::const_eval() start
ConstInitValAST::const_eval() start
NumExpAST::const_eval() start
ConstInitValAST::const_eval() start
NumExpAST::const_eval() start
ConstInitValAST::const_eval() start
NumExpAST::const_eval() start
ConstInitValAST::const_eval() start
NumExpAST::const_eval() start
ConstInitValAST::const_eval() start
NumExpAST::const_eval() start
ConstInitValAST::const_eval() start
NumExpAST::const_eval() start
DeclAST::const_eval() start
VarDeclAST::const_eval() start
array_flatten
array_flatten in InitValAST of ExpAST
array_flatten done
array_format done
InitValAST::const_eval() start
NumExpAST::const_eval() start
DeclAST::const_eval() start
VarDeclAST::const_eval() start
NumExpAST::const_eval() start
NumExpAST::const_eval() start
NumExpAST::const_eval() start
dim_sizes 3
dim_sizes 2
dim_sizes 5
array_flatten
array_flatten in InitValAST of monostate
array_flatten done
array_format done
InitValAST::const_eval() start
InitValListAST::const_eval() start
InitValAST::const_eval() start
NumExpAST::const_eval() start
InitValAST::const_eval() start
NumExpAST::const_eval() start
InitValAST::const_eval() start
NumExpAST::const_eval() start
InitValAST::const_eval() start
NumExpAST::const_eval() start
InitValAST::const_eval() start
NumExpAST::const_eval() start
InitValAST::const_eval() start
NumExpAST::const_eval() start
InitValAST::const_eval() start
NumExpAST::const_eval() start
InitValAST::const_eval() start
NumExpAST::const_eval() start
InitValAST::const_eval() start
NumExpAST::const_eval() start
InitValAST::const_eval() start
NumExpAST::const_eval() start
InitValAST::const_eval() start
NumExpAST::const_eval() start
InitValAST::const_eval() start
NumExpAST::const_eval() start
InitValAST::const_eval() start
NumExpAST::const_eval() start
InitValAST::const_eval() start
NumExpAST::const_eval() start
InitValAST::const_eval() start
NumExpAST::const_eval() start
InitValAST::const_eval() start
NumExpAST::const_eval() start
InitValAST::const_eval() start
NumExpAST::const_eval() start
InitValAST::const_eval() start
NumExpAST::const_eval() start
InitValAST::const_eval() start
NumExpAST::const_eval() start
InitValAST::const_eval() start
NumExpAST::const_eval() start
InitValAST::const_eval() start
NumExpAST::const_eval() start
InitValAST::const_eval() start
NumExpAST::const_eval() start
InitValAST::const_eval() start
NumExpAST::const_eval() start
InitValAST::const_eval() start
NumExpAST::const_eval() start
InitValAST::const_eval() start
NumExpAST::const_eval() start
InitValAST::const_eval() start
NumExpAST::const_eval() start
InitValAST::const_eval() start
NumExpAST::const_eval() start
InitValAST::const_eval() start
NumExpAST::const_eval() start
InitValAST::const_eval() start
NumExpAST::const_eval() start
InitValAST::const_eval() start
NumExpAST::const_eval() start
DeclAST::const_eval() start
VarDeclAST::const_eval() start
NumExpAST::const_eval() start
NumExpAST::const_eval() start
NumExpAST::const_eval() start
dim_sizes 2
dim_sizes 4
dim_sizes 5
array_flatten
array_flatten in InitValAST of InitValListAST
dim_sizes.pop_front() = 2
recusive array_flatten
array_flatten
array_flatten in InitValAST of ExpAST
recusive array_flatten
array_flatten
array_flatten in InitValAST of ExpAST
recusive array_flatten
array_flatten
array_flatten in InitValAST of ExpAST
recusive array_flatten
array_flatten
array_flatten in InitValAST of ExpAST
values.size() in InitValList = 4
full_size in InitValList = 40
fxxk
fxxk
fxxk
fxxk
fxxk
fxxk
fxxk
fxxk
fxxk
fxxk
fxxk
fxxk
fxxk
fxxk
fxxk
fxxk
fxxk
fxxk
fxxk
fxxk
fxxk
fxxk
fxxk
fxxk
fxxk
fxxk
fxxk
fxxk
fxxk
fxxk
fxxk
fxxk
fxxk
fxxk
fxxk
fxxk
array_flatten done
array_format done
InitValAST::const_eval() start
InitValListAST::const_eval() start
InitValAST::const_eval() start
NumExpAST::const_eval() start
InitValAST::const_eval() start
NumExpAST::const_eval() start
InitValAST::const_eval() start
NumExpAST::const_eval() start
InitValAST::const_eval() start
NumExpAST::const_eval() start
InitValAST::const_eval() start
NumExpAST::const_eval() start
InitValAST::const_eval() start
NumExpAST::const_eval() start
InitValAST::const_eval() start
NumExpAST::const_eval() start
InitValAST::const_eval() start
NumExpAST::const_eval() start
InitValAST::const_eval() start
NumExpAST::const_eval() start
InitValAST::const_eval() start
NumExpAST::const_eval() start
InitValAST::const_eval() start
NumExpAST::const_eval() start
InitValAST::const_eval() start
NumExpAST::const_eval() start
InitValAST::const_eval() start
NumExpAST::const_eval() start
InitValAST::const_eval() start
NumExpAST::const_eval() start
InitValAST::const_eval() start
NumExpAST::const_eval() start
InitValAST::const_eval() start
NumExpAST::const_eval() start
InitValAST::const_eval() start
NumExpAST::const_eval() start
InitValAST::const_eval() start
NumExpAST::const_eval() start
InitValAST::const_eval() start
NumExpAST::const_eval() start
InitValAST::const_eval() start
NumExpAST::const_eval() start
InitValAST::const_eval() start
NumExpAST::const_eval() start
InitValAST::const_eval() start
NumExpAST::const_eval() start
InitValAST::const_eval() start
NumExpAST::const_eval() start
InitValAST::const_eval() start
NumExpAST::const_eval() start
InitValAST::const_eval() start
NumExpAST::const_eval() start
InitValAST::const_eval() start
NumExpAST::const_eval() start
InitValAST::const_eval() start
NumExpAST::const_eval() start
InitValAST::const_eval() start
NumExpAST::const_eval() start
InitValAST::const_eval() start
NumExpAST::const_eval() start
InitValAST::const_eval() start
NumExpAST::const_eval() start
InitValAST::const_eval() start
NumExpAST::const_eval() start
InitValAST::const_eval() start
NumExpAST::const_eval() start
InitValAST::const_eval() start
NumExpAST::const_eval() start
InitValAST::const_eval() start
NumExpAST::const_eval() start
InitValAST::const_eval() start
NumExpAST::const_eval() start
InitValAST::const_eval() start
NumExpAST::const_eval() start
InitValAST::const_eval() start
NumExpAST::const_eval() start
InitValAST::const_eval() start
NumExpAST::const_eval() start
InitValAST::const_eval() start
NumExpAST::const_eval() start
InitValAST::const_eval() start
NumExpAST::const_eval() start
DeclAST::const_eval() start
ConstDeclAST::const_eval() start
NumExpAST::const_eval() start
dim is 2
NumExpAST::const_eval() start
dim is 3
NumExpAST::const_eval() start
dim is 4
const_def->ident: j
const_def->dim: 2
const_def->dim: 3
const_def->dim: 4
dim_sizes 2
dim_sizes 3
dim_sizes 4
array_flatten
array_flatten of ConstInitValAST
array_flatten in ConstInitValAST of ExpAST
full_size = 24
recusive array_flatten
array_flatten
array_flatten of ConstInitValAST
array_flatten in ConstInitValAST of ExpAST
recusive array_flatten
array_flatten
array_flatten of ConstInitValAST
array_flatten in ConstInitValAST of ExpAST
recusive array_flatten
array_flatten
array_flatten of ConstInitValAST
array_flatten in ConstInitValAST of ExpAST
recusive array_flatten
array_flatten
array_flatten of ConstInitValAST
array_flatten in ConstInitValAST of ExpAST
recusive array_flatten
array_flatten
array_flatten of ConstInitValAST
array_flatten in ConstInitValAST of ExpAST
full_size = 4
recusive array_flatten
array_flatten
array_flatten of ConstInitValAST
array_flatten in ConstInitValAST of ExpAST
values.size() in ConstInitValList = 1
full_size in ConstInitValList = 4
fxxk in ConstInitValList
fxxk in ConstInitValList
fxxk in ConstInitValList
recusive array_flatten
array_flatten
array_flatten of ConstInitValAST
array_flatten in ConstInitValAST of monostate
full_size in monostate = 4
values.size() in ConstInitValList = 12
full_size in ConstInitValList = 24
fxxk in ConstInitValList
fxxk in ConstInitValList
fxxk in ConstInitValList
fxxk in ConstInitValList
fxxk in ConstInitValList
fxxk in ConstInitValList
fxxk in ConstInitValList
fxxk in ConstInitValList
fxxk in ConstInitValList
fxxk in ConstInitValList
fxxk in ConstInitValList
fxxk in ConstInitValList
array_flatten done
array_format done
ConstInitValAST::const_eval() start
ConstInitValListAST::const_eval() start
ConstInitValAST::const_eval() start
NumExpAST::const_eval() start
ConstInitValAST::const_eval() start
NumExpAST::const_eval() start
ConstInitValAST::const_eval() start
NumExpAST::const_eval() start
ConstInitValAST::const_eval() start
NumExpAST::const_eval() start
ConstInitValAST::const_eval() start
NumExpAST::const_eval() start
ConstInitValAST::const_eval() start
NumExpAST::const_eval() start
ConstInitValAST::const_eval() start
NumExpAST::const_eval() start
ConstInitValAST::const_eval() start
NumExpAST::const_eval() start
ConstInitValAST::const_eval() start
NumExpAST::const_eval() start
ConstInitValAST::const_eval() start
NumExpAST::const_eval() start
ConstInitValAST::const_eval() start
NumExpAST::const_eval() start
ConstInitValAST::const_eval() start
NumExpAST::const_eval() start
ConstInitValAST::const_eval() start
NumExpAST::const_eval() start
ConstInitValAST::const_eval() start
NumExpAST::const_eval() start
ConstInitValAST::const_eval() start
NumExpAST::const_eval() start
ConstInitValAST::const_eval() start
NumExpAST::const_eval() start
ConstInitValAST::const_eval() start
NumExpAST::const_eval() start
ConstInitValAST::const_eval() start
NumExpAST::const_eval() start
ConstInitValAST::const_eval() start
NumExpAST::const_eval() start
ConstInitValAST::const_eval() start
NumExpAST::const_eval() start
ConstInitValAST::const_eval() start
NumExpAST::const_eval() start
ConstInitValAST::const_eval() start
NumExpAST::const_eval() start
ConstInitValAST::const_eval() start
NumExpAST::const_eval() start
ConstInitValAST::const_eval() start
NumExpAST::const_eval() start
DeclAST::const_eval() start
VarDeclAST::const_eval() start
NumExpAST::const_eval() start
NumExpAST::const_eval() start
dim_sizes 2
dim_sizes 3
array_flatten
array_flatten in InitValAST of InitValListAST
dim_sizes.pop_front() = 2
recusive array_flatten
array_flatten
array_flatten in InitValAST of InitValListAST
dim_sizes.pop_front() = 3
recusive array_flatten
array_flatten
array_flatten in InitValAST of ExpAST
recusive array_flatten
array_flatten
array_flatten in InitValAST of ExpAST
recusive array_flatten
array_flatten
array_flatten in InitValAST of ExpAST
values.size() in InitValList = 3
full_size in InitValList = 3
recusive array_flatten
array_flatten
array_flatten in InitValAST of monostate
values.size() in InitValList = 6
full_size in InitValList = 6
array_flatten done
array_format done
InitValAST::const_eval() start
InitValListAST::const_eval() start
InitValAST::const_eval() start
NumExpAST::const_eval() start
InitValAST::const_eval() start
NumExpAST::const_eval() start
InitValAST::const_eval() start
NumExpAST::const_eval() start
InitValAST::const_eval() start
NumExpAST::const_eval() start
InitValAST::const_eval() start
NumExpAST::const_eval() start
InitValAST::const_eval() start
NumExpAST::const_eval() start
FuncDefAST::const_eval() start
BlockAST::const_eval() start
BlockItemAST::const_eval() start
DeclAST::const_eval() start
VarDeclAST::const_eval() start
array_flatten
array_flatten in InitValAST of ExpAST
array_flatten done
array_format done
InitValAST::const_eval() start
NumExpAST::const_eval() start
BlockItemAST::const_eval() start
DeclAST::const_eval() start
VarDeclAST::const_eval() start
NumExpAST::const_eval() start
NumExpAST::const_eval() start
dim_sizes 3
dim_sizes 2
array_flatten
array_flatten in InitValAST of InitValListAST
dim_sizes.pop_front() = 3
recusive array_flatten
array_flatten
array_flatten in InitValAST of InitValListAST
dim_sizes.pop_front() = 2
recusive array_flatten
array_flatten
array_flatten in InitValAST of ExpAST
recusive array_flatten
array_flatten
array_flatten in InitValAST of ExpAST
values.size() in InitValList = 2
full_size in InitValList = 2
recusive array_flatten
array_flatten
array_flatten in InitValAST of InitValListAST
dim_sizes.pop_front() = 2
recusive array_flatten
array_flatten
array_flatten in InitValAST of ExpAST
recusive array_flatten
array_flatten
array_flatten in InitValAST of ExpAST
values.size() in InitValList = 2
full_size in InitValList = 2
recusive array_flatten
array_flatten
array_flatten in InitValAST of InitValListAST
dim_sizes.pop_front() = 2
recusive array_flatten
array_flatten
array_flatten in InitValAST of ExpAST
recusive array_flatten
array_flatten
array_flatten in InitValAST of ExpAST
values.size() in InitValList = 2
full_size in InitValList = 2
values.size() in InitValList = 6
full_size in InitValList = 6
array_flatten done
array_format done
InitValAST::const_eval() start
InitValListAST::const_eval() start
InitValAST::const_eval() start
NumExpAST::const_eval() start
InitValAST::const_eval() start
NumExpAST::const_eval() start
InitValAST::const_eval() start
NumExpAST::const_eval() start
InitValAST::const_eval() start
NumExpAST::const_eval() start
InitValAST::const_eval() start
NumExpAST::const_eval() start
InitValAST::const_eval() start
NumExpAST::const_eval() start
BlockItemAST::const_eval() start
DeclAST::const_eval() start
ConstDeclAST::const_eval() start
NumExpAST::const_eval() start
dim is 4
NumExpAST::const_eval() start
dim is 2
const_def->ident: a
const_def->dim: 4
const_def->dim: 2
dim_sizes 4
dim_sizes 2
array_flatten
array_flatten of ConstInitValAST
array_flatten in ConstInitValAST of ExpAST
full_size = 8
recusive array_flatten
array_flatten
array_flatten of ConstInitValAST
array_flatten in ConstInitValAST of ExpAST
full_size = 2
recusive array_flatten
array_flatten
array_flatten of ConstInitValAST
array_flatten in ConstInitValAST of ExpAST
recusive array_flatten
array_flatten
array_flatten of ConstInitValAST
array_flatten in ConstInitValAST of ExpAST
values.size() in ConstInitValList = 2
full_size in ConstInitValList = 2
recusive array_flatten
array_flatten
array_flatten of ConstInitValAST
array_flatten in ConstInitValAST of ExpAST
full_size = 2
recusive array_flatten
array_flatten
array_flatten of ConstInitValAST
array_flatten in ConstInitValAST of ExpAST
recusive array_flatten
array_flatten
array_flatten of ConstInitValAST
array_flatten in ConstInitValAST of ExpAST
values.size() in ConstInitValList = 2
full_size in ConstInitValList = 2
recusive array_flatten
array_flatten
array_flatten of ConstInitValAST
array_flatten in ConstInitValAST of monostate
full_size in monostate = 2
recusive array_flatten
array_flatten
array_flatten of ConstInitValAST
array_flatten in ConstInitValAST of ExpAST
values.size() in ConstInitValList = 7
full_size in ConstInitValList = 8
fxxk in ConstInitValList
array_flatten done
array_format done
ConstInitValAST::const_eval() start
ConstInitValListAST::const_eval() start
ConstInitValAST::const_eval() start
NumExpAST::const_eval() start
ConstInitValAST::const_eval() start
NumExpAST::const_eval() start
ConstInitValAST::const_eval() start
NumExpAST::const_eval() start
ConstInitValAST::const_eval() start
NumExpAST::const_eval() start
ConstInitValAST::const_eval() start
NumExpAST::const_eval() start
ConstInitValAST::const_eval() start
NumExpAST::const_eval() start
ConstInitValAST::const_eval() start
NumExpAST::const_eval() start
ConstInitValAST::const_eval() start
NumExpAST::const_eval() start
BlockItemAST::const_eval() start
DeclAST::const_eval() start
ConstDeclAST::const_eval() start
const_def->ident: xxx
array_flatten
array_flatten of ConstInitValAST
array_flatten in ConstInitValAST of ExpAST
array_flatten done
array_format done
ConstInitValAST::const_eval() start
NumExpAST::const_eval() start
BlockItemAST::const_eval() start
ExpStmtAST::const_eval() start
BlockItemAST::const_eval() start
ReturnStmtAST::const_eval() start
