Text                 Line       Column (Start, End)  Type       
Unrecognized character: #
include              1          (2, 9)            Ident     
<stdio.h>            1          (10, 19)            Ident     
int                  3          (1, 4)            Ident     
func                 3          (5, 9)            Ident     
(                    3          (9, 10)            Ident     
int                  3          (10, 13)            Ident     
x                    3          (14, 15)            Ident     
,                    3          (15, 16)            Ident     
int                  3          (17, 20)            Ident     
y                    3          (21, 22)            Ident     
,                    3          (22, 23)            Ident     
int                  3          (24, 27)            Ident     
z                    3          (28, 29)            Ident     
)                    3          (29, 30)            Ident     
{                    4          (1, 2)            Ident     
return               5          (5, 11)            Ident     
z                    5          (12, 13)            Ident     
;                    5          (13, 14)            Ident     
}                    6          (1, 2)            Ident     
int                  8          (1, 4)            Ident     
main                 8          (5, 9)            Ident     
(                    8          (9, 10)            Ident     
)                    8          (10, 11)            Ident     
{                    9          (1, 2)            Ident     
const                10         (5, 10)            Ident     
int                  10         (11, 14)            Ident     
a                    10         (15, 16)            Ident     
[                    10         (16, 17)            Ident     
4                    10         (17, 18)            IntConst  
]                    10         (18, 19)            Ident     
[                    10         (19, 20)            Ident     
2                    10         (20, 21)            IntConst  
]                    10         (21, 22)            Ident     
=                    10         (23, 24)            Ident     
{                    10         (25, 26)            Ident     
{                    10         (26, 27)            Ident     
1                    10         (27, 28)            IntConst  
,                    10         (28, 29)            Ident     
2                    10         (30, 31)            IntConst  
}                    10         (31, 32)            Ident     
,                    10         (32, 33)            Ident     
{                    10         (34, 35)            Ident     
3                    10         (35, 36)            IntConst  
,                    10         (36, 37)            Ident     
4                    10         (38, 39)            IntConst  
}                    10         (39, 40)            Ident     
,                    10         (40, 41)            Ident     
{                    10         (42, 43)            Ident     
}                    10         (43, 44)            Ident     
,                    10         (44, 45)            Ident     
7                    10         (46, 47)            IntConst  
}                    10         (47, 48)            Ident     
;                    10         (48, 49)            Ident     
const                11         (5, 10)            Ident     
int                  11         (11, 14)            Ident     
N                    11         (15, 16)            Ident     
=                    11         (17, 18)            Ident     
3                    11         (19, 20)            IntConst  
;                    11         (20, 21)            Ident     
int                  12         (5, 8)            Ident     
b                    12         (9, 10)            Ident     
[                    12         (10, 11)            Ident     
4                    12         (11, 12)            IntConst  
]                    12         (12, 13)            Ident     
[                    12         (13, 14)            Ident     
2                    12         (14, 15)            IntConst  
]                    12         (15, 16)            Ident     
=                    12         (17, 18)            Ident     
{                    12         (19, 20)            Ident     
}                    12         (20, 21)            Ident     
;                    12         (21, 22)            Ident     
int                  13         (5, 8)            Ident     
c                    13         (9, 10)            Ident     
[                    13         (10, 11)            Ident     
4                    13         (11, 12)            IntConst  
]                    13         (12, 13)            Ident     
[                    13         (13, 14)            Ident     
2                    13         (14, 15)            IntConst  
]                    13         (15, 16)            Ident     
=                    13         (17, 18)            Ident     
{                    13         (19, 20)            Ident     
1                    13         (20, 21)            IntConst  
,                    13         (21, 22)            Ident     
2                    13         (23, 24)            IntConst  
,                    13         (24, 25)            Ident     
3                    13         (26, 27)            IntConst  
,                    13         (27, 28)            Ident     
4                    13         (29, 30)            IntConst  
,                    13         (30, 31)            Ident     
5                    13         (32, 33)            IntConst  
,                    13         (33, 34)            Ident     
6                    13         (35, 36)            IntConst  
,                    13         (36, 37)            Ident     
7                    13         (38, 39)            IntConst  
,                    13         (39, 40)            Ident     
8                    13         (41, 42)            IntConst  
}                    13         (42, 43)            Ident     
;                    13         (43, 44)            Ident     
int                  14         (5, 8)            Ident     
d                    14         (9, 10)            Ident     
[                    14         (10, 11)            Ident     
N                    14         (11, 12)            Ident     
+                    14         (13, 14)            Ident     
1                    14         (15, 16)            IntConst  
]                    14         (16, 17)            Ident     
[                    14         (17, 18)            Ident     
2                    14         (18, 19)            IntConst  
]                    14         (19, 20)            Ident     
=                    14         (21, 22)            Ident     
{                    14         (23, 24)            Ident     
1                    14         (24, 25)            IntConst  
,                    14         (25, 26)            Ident     
2                    14         (27, 28)            IntConst  
,                    14         (28, 29)            Ident     
{                    14         (30, 31)            Ident     
3                    14         (31, 32)            IntConst  
}                    14         (32, 33)            Ident     
,                    14         (33, 34)            Ident     
{                    14         (35, 36)            Ident     
5                    14         (36, 37)            IntConst  
}                    14         (37, 38)            Ident     
,                    14         (38, 39)            Ident     
a                    14         (40, 41)            Ident     
[                    14         (41, 42)            Ident     
3                    14         (42, 43)            IntConst  
]                    14         (43, 44)            Ident     
[                    14         (44, 45)            Ident     
0                    14         (45, 46)            IntConst  
]                    14         (46, 47)            Ident     
,                    14         (47, 48)            Ident     
8                    14         (49, 50)            IntConst  
}                    14         (50, 51)            Ident     
;                    14         (51, 52)            Ident     
int                  15         (5, 8)            Ident     
e                    15         (9, 10)            Ident     
[                    15         (10, 11)            Ident     
4                    15         (11, 12)            IntConst  
]                    15         (12, 13)            Ident     
[                    15         (13, 14)            Ident     
2                    15         (14, 15)            IntConst  
]                    15         (15, 16)            Ident     
[                    15         (16, 17)            Ident     
1                    15         (17, 18)            IntConst  
]                    15         (18, 19)            Ident     
=                    15         (20, 21)            Ident     
{                    15         (22, 23)            Ident     
{                    15         (23, 24)            Ident     
d                    15         (24, 25)            Ident     
[                    15         (25, 26)            Ident     
2                    15         (26, 27)            IntConst  
]                    15         (27, 28)            Ident     
[                    15         (28, 29)            Ident     
1                    15         (29, 30)            IntConst  
]                    15         (30, 31)            Ident     
,                    15         (31, 32)            Ident     
{                    15         (33, 34)            Ident     
c                    15         (34, 35)            Ident     
[                    15         (35, 36)            Ident     
2                    15         (36, 37)            IntConst  
]                    15         (37, 38)            Ident     
[                    15         (38, 39)            Ident     
1                    15         (39, 40)            IntConst  
]                    15         (40, 41)            Ident     
}                    15         (41, 42)            Ident     
}                    15         (42, 43)            Ident     
,                    15         (43, 44)            Ident     
{                    15         (45, 46)            Ident     
3                    15         (46, 47)            IntConst  
,                    15         (47, 48)            Ident     
4                    15         (49, 50)            IntConst  
}                    15         (50, 51)            Ident     
,                    15         (51, 52)            Ident     
{                    15         (53, 54)            Ident     
5                    15         (54, 55)            IntConst  
,                    15         (55, 56)            Ident     
6                    15         (57, 58)            IntConst  
}                    15         (58, 59)            Ident     
,                    15         (59, 60)            Ident     
{                    15         (61, 62)            Ident     
7                    15         (62, 63)            IntConst  
,                    15         (63, 64)            Ident     
8                    15         (65, 66)            IntConst  
}                    15         (66, 67)            Ident     
}                    15         (67, 68)            Ident     
;                    15         (68, 69)            Ident     
printf               17         (2, 8)            Ident     
(                    17         (8, 9)            Ident     
"%d\n"               17         (9, 15)            Ident     
,                    17         (15, 16)            Ident     
e                    17         (17, 18)            Ident     
[                    17         (18, 19)            Ident     
3                    17         (19, 20)            IntConst  
]                    17         (20, 21)            Ident     
[                    17         (21, 22)            Ident     
1                    17         (22, 23)            IntConst  
]                    17         (23, 24)            Ident     
[                    17         (24, 25)            Ident     
0                    17         (25, 26)            IntConst  
]                    17         (26, 27)            Ident     
+                    17         (28, 29)            Ident     
e                    17         (30, 31)            Ident     
[                    17         (31, 32)            Ident     
0                    17         (32, 33)            IntConst  
]                    17         (33, 34)            Ident     
[                    17         (34, 35)            Ident     
0                    17         (35, 36)            IntConst  
]                    17         (36, 37)            Ident     
[                    17         (37, 38)            Ident     
0                    17         (38, 39)            IntConst  
]                    17         (39, 40)            Ident     
+                    17         (41, 42)            Ident     
e                    17         (43, 44)            Ident     
[                    17         (44, 45)            Ident     
0                    17         (45, 46)            IntConst  
]                    17         (46, 47)            Ident     
[                    17         (47, 48)            Ident     
1                    17         (48, 49)            IntConst  
]                    17         (49, 50)            Ident     
[                    17         (50, 51)            Ident     
0                    17         (51, 52)            IntConst  
]                    17         (52, 53)            Ident     
+                    17         (54, 55)            Ident     
d                    17         (56, 57)            Ident     
[                    17         (57, 58)            Ident     
3                    17         (58, 59)            IntConst  
]                    17         (59, 60)            Ident     
[                    17         (60, 61)            Ident     
0                    17         (61, 62)            IntConst  
]                    17         (62, 63)            Ident     
)                    17         (63, 64)            Ident     
;                    17         (64, 65)            Ident     
return               18         (5, 11)            Ident     
0                    18         (12, 13)            IntConst  
;                    18         (13, 14)            Ident     
}                    19         (1, 2)            Ident     
