Start
CompUnitAST::const_eval() start
FuncDefAST::const_eval() start
BlockAST::const_eval() start
BlockItemAST::const_eval() start
DeclAST::const_eval() start
VarDeclAST::const_eval() start
NumExpAST::const_eval() start
dim_sizes 16
array_flatten
array_flatten in InitValAST of InitValListAST
dim_sizes.pop_front() = 16
recusive array_flatten
array_flatten
array_flatten in InitValAST of ExpAST
recusive array_flatten
array_flatten
array_flatten in InitValAST of ExpAST
recusive array_flatten
array_flatten
array_flatten in InitValAST of ExpAST
recusive array_flatten
array_flatten
array_flatten in InitValAST of ExpAST
recusive array_flatten
array_flatten
array_flatten in InitValAST of ExpAST
recusive array_flatten
array_flatten
array_flatten in InitValAST of ExpAST
recusive array_flatten
array_flatten
array_flatten in InitValAST of ExpAST
recusive array_flatten
array_flatten
array_flatten in InitValAST of ExpAST
recusive array_flatten
array_flatten
array_flatten in InitValAST of ExpAST
recusive array_flatten
array_flatten
array_flatten in InitValAST of ExpAST
recusive array_flatten
array_flatten
array_flatten in InitValAST of ExpAST
recusive array_flatten
array_flatten
array_flatten in InitValAST of ExpAST
recusive array_flatten
array_flatten
array_flatten in InitValAST of ExpAST
recusive array_flatten
array_flatten
array_flatten in InitValAST of ExpAST
recusive array_flatten
array_flatten
array_flatten in InitValAST of ExpAST
recusive array_flatten
array_flatten
array_flatten in InitValAST of ExpAST
values.size() in InitValList = 16
full_size in InitValList = 16
array_flatten done
array_format done
InitValAST::const_eval() start
InitValListAST::const_eval() start
InitValAST::const_eval() start
NumExpAST::const_eval() start
InitValAST::const_eval() start
NumExpAST::const_eval() start
InitValAST::const_eval() start
NumExpAST::const_eval() start
InitValAST::const_eval() start
NumExpAST::const_eval() start
InitValAST::const_eval() start
NumExpAST::const_eval() start
InitValAST::const_eval() start
NumExpAST::const_eval() start
InitValAST::const_eval() start
NumExpAST::const_eval() start
InitValAST::const_eval() start
NumExpAST::const_eval() start
InitValAST::const_eval() start
NumExpAST::const_eval() start
InitValAST::const_eval() start
NumExpAST::const_eval() start
InitValAST::const_eval() start
NumExpAST::const_eval() start
InitValAST::const_eval() start
NumExpAST::const_eval() start
InitValAST::const_eval() start
NumExpAST::const_eval() start
InitValAST::const_eval() start
NumExpAST::const_eval() start
InitValAST::const_eval() start
NumExpAST::const_eval() start
InitValAST::const_eval() start
NumExpAST::const_eval() start
BlockItemAST::const_eval() start
DeclAST::const_eval() start
VarDeclAST::const_eval() start
array_flatten
array_flatten in InitValAST of ExpAST
array_flatten done
array_format done
InitValAST::const_eval() start
NumExpAST::const_eval() start
array_flatten
array_flatten in InitValAST of ExpAST
array_flatten done
array_format done
InitValAST::const_eval() start
NumExpAST::const_eval() start
array_flatten
array_flatten in InitValAST of ExpAST
array_flatten done
array_format done
InitValAST::const_eval() start
NumExpAST::const_eval() start
array_flatten
array_flatten in InitValAST of ExpAST
array_flatten done
array_format done
InitValAST::const_eval() start
NumExpAST::const_eval() start
array_flatten
array_flatten in InitValAST of ExpAST
array_flatten done
array_format done
InitValAST::const_eval() start
NumExpAST::const_eval() start
array_flatten
array_flatten in InitValAST of ExpAST
array_flatten done
array_format done
InitValAST::const_eval() start
NumExpAST::const_eval() start
array_flatten
array_flatten in InitValAST of ExpAST
array_flatten done
array_format done
InitValAST::const_eval() start
NumExpAST::const_eval() start
array_flatten
array_flatten in InitValAST of ExpAST
array_flatten done
array_format done
InitValAST::const_eval() start
NumExpAST::const_eval() start
array_flatten
array_flatten in InitValAST of ExpAST
array_flatten done
array_format done
InitValAST::const_eval() start
NumExpAST::const_eval() start
array_flatten
array_flatten in InitValAST of ExpAST
array_flatten done
array_format done
InitValAST::const_eval() start
NumExpAST::const_eval() start
array_flatten
array_flatten in InitValAST of ExpAST
array_flatten done
array_format done
InitValAST::const_eval() start
NumExpAST::const_eval() start
array_flatten
array_flatten in InitValAST of ExpAST
array_flatten done
array_format done
InitValAST::const_eval() start
NumExpAST::const_eval() start
array_flatten
array_flatten in InitValAST of ExpAST
array_flatten done
array_format done
InitValAST::const_eval() start
NumExpAST::const_eval() start
array_flatten
array_flatten in InitValAST of ExpAST
array_flatten done
array_format done
InitValAST::const_eval() start
NumExpAST::const_eval() start
array_flatten
array_flatten in InitValAST of ExpAST
array_flatten done
array_format done
InitValAST::const_eval() start
NumExpAST::const_eval() start
array_flatten
array_flatten in InitValAST of ExpAST
array_flatten done
array_format done
InitValAST::const_eval() start
NumExpAST::const_eval() start
BlockItemAST::const_eval() start
DeclAST::const_eval() start
VarDeclAST::const_eval() start
array_flatten
array_flatten in InitValAST of ExpAST
array_flatten done
array_format done
InitValAST::const_eval() start
BinaryExpAST::const_eval() start
BinaryExpAST::const_eval() start
BinaryExpAST::const_eval() start
BinaryExpAST::const_eval() start
BinaryExpAST::const_eval() start
BinaryExpAST::const_eval() start
BinaryExpAST::const_eval() start
VarExpAST::const_eval() start
VarExpAST::const_eval() start
VarExpAST::const_eval() start
VarExpAST::const_eval() start
VarExpAST::const_eval() start
VarExpAST::const_eval() start
VarExpAST::const_eval() start
VarExpAST::const_eval() start
BlockItemAST::const_eval() start
DeclAST::const_eval() start
VarDeclAST::const_eval() start
array_flatten
array_flatten in InitValAST of ExpAST
array_flatten done
array_format done
InitValAST::const_eval() start
BinaryExpAST::const_eval() start
BinaryExpAST::const_eval() start
BinaryExpAST::const_eval() start
BinaryExpAST::const_eval() start
BinaryExpAST::const_eval() start
BinaryExpAST::const_eval() start
BinaryExpAST::const_eval() start
VarExpAST::const_eval() start
VarExpAST::const_eval() start
VarExpAST::const_eval() start
VarExpAST::const_eval() start
VarExpAST::const_eval() start
VarExpAST::const_eval() start
VarExpAST::const_eval() start
VarExpAST::const_eval() start
BlockItemAST::const_eval() start
ReturnStmtAST::const_eval() start
FuncDefAST::const_eval() start
BlockAST::const_eval() start
BlockItemAST::const_eval() start
DeclAST::const_eval() start
VarDeclAST::const_eval() start
array_flatten
array_flatten in InitValAST of ExpAST
array_flatten done
array_format done
InitValAST::const_eval() start
NumExpAST::const_eval() start
array_flatten
array_flatten in InitValAST of ExpAST
array_flatten done
array_format done
InitValAST::const_eval() start
NumExpAST::const_eval() start
array_flatten
array_flatten in InitValAST of ExpAST
array_flatten done
array_format done
InitValAST::const_eval() start
NumExpAST::const_eval() start
array_flatten
array_flatten in InitValAST of ExpAST
array_flatten done
array_format done
InitValAST::const_eval() start
NumExpAST::const_eval() start
array_flatten
array_flatten in InitValAST of ExpAST
array_flatten done
array_format done
InitValAST::const_eval() start
NumExpAST::const_eval() start
array_flatten
array_flatten in InitValAST of ExpAST
array_flatten done
array_format done
InitValAST::const_eval() start
NumExpAST::const_eval() start
array_flatten
array_flatten in InitValAST of ExpAST
array_flatten done
array_format done
InitValAST::const_eval() start
NumExpAST::const_eval() start
array_flatten
array_flatten in InitValAST of ExpAST
array_flatten done
array_format done
InitValAST::const_eval() start
NumExpAST::const_eval() start
array_flatten
array_flatten in InitValAST of ExpAST
array_flatten done
array_format done
InitValAST::const_eval() start
NumExpAST::const_eval() start
array_flatten
array_flatten in InitValAST of ExpAST
array_flatten done
array_format done
InitValAST::const_eval() start
NumExpAST::const_eval() start
array_flatten
array_flatten in InitValAST of ExpAST
array_flatten done
array_format done
InitValAST::const_eval() start
NumExpAST::const_eval() start
array_flatten
array_flatten in InitValAST of ExpAST
array_flatten done
array_format done
InitValAST::const_eval() start
NumExpAST::const_eval() start
array_flatten
array_flatten in InitValAST of ExpAST
array_flatten done
array_format done
InitValAST::const_eval() start
NumExpAST::const_eval() start
array_flatten
array_flatten in InitValAST of ExpAST
array_flatten done
array_format done
InitValAST::const_eval() start
NumExpAST::const_eval() start
array_flatten
array_flatten in InitValAST of ExpAST
array_flatten done
array_format done
InitValAST::const_eval() start
NumExpAST::const_eval() start
array_flatten
array_flatten in InitValAST of ExpAST
array_flatten done
array_format done
InitValAST::const_eval() start
NumExpAST::const_eval() start
BlockItemAST::const_eval() start
DeclAST::const_eval() start
VarDeclAST::const_eval() start
array_flatten
array_flatten in InitValAST of ExpAST
array_flatten done
array_format done
InitValAST::const_eval() start
BinaryExpAST::const_eval() start
BinaryExpAST::const_eval() start
BinaryExpAST::const_eval() start
BinaryExpAST::const_eval() start
BinaryExpAST::const_eval() start
BinaryExpAST::const_eval() start
BinaryExpAST::const_eval() start
VarExpAST::const_eval() start
VarExpAST::const_eval() start
VarExpAST::const_eval() start
VarExpAST::const_eval() start
VarExpAST::const_eval() start
VarExpAST::const_eval() start
VarExpAST::const_eval() start
VarExpAST::const_eval() start
BlockItemAST::const_eval() start
DeclAST::const_eval() start
VarDeclAST::const_eval() start
array_flatten
array_flatten in InitValAST of ExpAST
array_flatten done
array_format done
InitValAST::const_eval() start
BinaryExpAST::const_eval() start
BinaryExpAST::const_eval() start
BinaryExpAST::const_eval() start
BinaryExpAST::const_eval() start
BinaryExpAST::const_eval() start
BinaryExpAST::const_eval() start
BinaryExpAST::const_eval() start
VarExpAST::const_eval() start
VarExpAST::const_eval() start
VarExpAST::const_eval() start
VarExpAST::const_eval() start
VarExpAST::const_eval() start
VarExpAST::const_eval() start
VarExpAST::const_eval() start
VarExpAST::const_eval() start
BlockItemAST::const_eval() start
AssignStmtAST::const_eval() start
BlockItemAST::const_eval() start
DeclAST::const_eval() start
VarDeclAST::const_eval() start
array_flatten
array_flatten in InitValAST of ExpAST
array_flatten done
array_format done
InitValAST::const_eval() start
NumExpAST::const_eval() start
array_flatten
array_flatten in InitValAST of ExpAST
array_flatten done
array_format done
InitValAST::const_eval() start
NumExpAST::const_eval() start
array_flatten
array_flatten in InitValAST of ExpAST
array_flatten done
array_format done
InitValAST::const_eval() start
NumExpAST::const_eval() start
array_flatten
array_flatten in InitValAST of ExpAST
array_flatten done
array_format done
InitValAST::const_eval() start
NumExpAST::const_eval() start
array_flatten
array_flatten in InitValAST of ExpAST
array_flatten done
array_format done
InitValAST::const_eval() start
NumExpAST::const_eval() start
array_flatten
array_flatten in InitValAST of ExpAST
array_flatten done
array_format done
InitValAST::const_eval() start
NumExpAST::const_eval() start
array_flatten
array_flatten in InitValAST of ExpAST
array_flatten done
array_format done
InitValAST::const_eval() start
NumExpAST::const_eval() start
array_flatten
array_flatten in InitValAST of ExpAST
array_flatten done
array_format done
InitValAST::const_eval() start
NumExpAST::const_eval() start
BlockItemAST::const_eval() start
AssignStmtAST::const_eval() start
BlockItemAST::const_eval() start
AssignStmtAST::const_eval() start
BlockItemAST::const_eval() start
AssignStmtAST::const_eval() start
BlockItemAST::const_eval() start
AssignStmtAST::const_eval() start
BlockItemAST::const_eval() start
AssignStmtAST::const_eval() start
BlockItemAST::const_eval() start
AssignStmtAST::const_eval() start
BlockItemAST::const_eval() start
AssignStmtAST::const_eval() start
BlockItemAST::const_eval() start
AssignStmtAST::const_eval() start
BlockItemAST::const_eval() start
AssignStmtAST::const_eval() start
BlockItemAST::const_eval() start
DeclAST::const_eval() start
VarDeclAST::const_eval() start
array_flatten
array_flatten in InitValAST of ExpAST
array_flatten done
array_format done
InitValAST::const_eval() start
BinaryExpAST::const_eval() start
BinaryExpAST::const_eval() start
BinaryExpAST::const_eval() start
BinaryExpAST::const_eval() start
BinaryExpAST::const_eval() start
BinaryExpAST::const_eval() start
BinaryExpAST::const_eval() start
VarExpAST::const_eval() start
VarExpAST::const_eval() start
VarExpAST::const_eval() start
VarExpAST::const_eval() start
VarExpAST::const_eval() start
VarExpAST::const_eval() start
VarExpAST::const_eval() start
VarExpAST::const_eval() start
BlockItemAST::const_eval() start
DeclAST::const_eval() start
VarDeclAST::const_eval() start
array_flatten
array_flatten in InitValAST of ExpAST
array_flatten done
array_format done
InitValAST::const_eval() start
BinaryExpAST::const_eval() start
BinaryExpAST::const_eval() start
VarExpAST::const_eval() start
VarExpAST::const_eval() start
VarExpAST::const_eval() start
BlockItemAST::const_eval() start
ExpStmtAST::const_eval() start
BlockItemAST::const_eval() start
ReturnStmtAST::const_eval() start
in ret stmt
in ret stmt
