Start
CompUnitAST::const_eval() start
DeclAST::const_eval() start
VarDeclAST::const_eval() start
array_flatten
array_flatten in InitValAST of ExpAST
array_flatten done
array_format done
InitValAST::const_eval() start
UnaryExpAST::const_eval() start
NumExpAST::const_eval() start
array_flatten
array_flatten in InitValAST of ExpAST
array_flatten done
array_format done
InitValAST::const_eval() start
NumExpAST::const_eval() start
FuncDefAST::const_eval() start
BlockAST::const_eval() start
BlockItemAST::const_eval() start
DeclAST::const_eval() start
VarDeclAST::const_eval() start
array_flatten
array_flatten in InitValAST of ExpAST
array_flatten done
array_format done
InitValAST::const_eval() start
VarExpAST::const_eval() start
BlockItemAST::const_eval() start
AssignStmtAST::const_eval() start
BlockItemAST::const_eval() start
AssignStmtAST::const_eval() start
BlockItemAST::const_eval() start
ReturnStmtAST::const_eval() start
FuncDefAST::const_eval() start
BlockAST::const_eval() start
BlockItemAST::const_eval() start
DeclAST::const_eval() start
VarDeclAST::const_eval() start
array_flatten
array_flatten in InitValAST of ExpAST
array_flatten done
array_format done
InitValAST::const_eval() start
NumExpAST::const_eval() start
BlockItemAST::const_eval() start
WhileStmtAST::const_eval() start
BlockStmtAST::const_eval() start
BlockItemAST::const_eval() start
IfStmtAST::const_eval() start
BlockStmtAST::const_eval() start
BlockItemAST::const_eval() start
ExpStmtAST::const_eval() start
BlockItemAST::const_eval() start
IfStmtAST::const_eval() start
BlockStmtAST::const_eval() start
BlockItemAST::const_eval() start
ExpStmtAST::const_eval() start
BlockItemAST::const_eval() start
AssignStmtAST::const_eval() start
BlockStmtAST::const_eval() start
BlockItemAST::const_eval() start
ExpStmtAST::const_eval() start
BlockItemAST::const_eval() start
AssignStmtAST::const_eval() start
BlockItemAST::const_eval() start
ExpStmtAST::const_eval() start
BlockItemAST::const_eval() start
ReturnStmtAST::const_eval() start
in ret stmt
in ret stmt
